Release 14.1 - xst P.15xf (nt)
Copyright (c) 1995-2012 Xilinx, Inc.  All rights reserved.
--> Parameter TMPDIR set to xst/projnav.tmp


Total REAL time to Xst completion: 0.00 secs
Total CPU time to Xst completion: 0.17 secs
 
--> Parameter xsthdpdir set to xst


Total REAL time to Xst completion: 0.00 secs
Total CPU time to Xst completion: 0.17 secs
 
--> Reading design: DRP001.prj

TABLE OF CONTENTS
  1) Synthesis Options Summary
  2) HDL Compilation
  3) Design Hierarchy Analysis
  4) HDL Analysis
  5) HDL Synthesis
     5.1) HDL Synthesis Report
  6) Advanced HDL Synthesis
     6.1) Advanced HDL Synthesis Report
  7) Low Level Synthesis
  8) Partition Report
  9) Final Report

=========================================================================
*                      Synthesis Options Summary                        *
=========================================================================
---- Source Parameters
Input File Name                    : "DRP001.prj"
Input Format                       : mixed
Ignore Synthesis Constraint File   : NO

---- Target Parameters
Output File Name                   : "DRP001"
Output Format                      : NGC
Target Device                      : XC9500XL CPLDs

---- Source Options
Top Module Name                    : DRP001
Automatic FSM Extraction           : YES
FSM Encoding Algorithm             : Auto
Safe Implementation                : No
Mux Extraction                     : Yes
Resource Sharing                   : YES

---- Target Options
Add IO Buffers                     : YES
MACRO Preserve                     : YES
XOR Preserve                       : YES
Equivalent register Removal        : YES

---- General Options
Optimization Goal                  : Speed
Optimization Effort                : 1
Keep Hierarchy                     : Yes
Netlist Hierarchy                  : As_Optimized
RTL Output                         : Yes
Hierarchy Separator                : /
Bus Delimiter                      : <>
Case Specifier                     : Maintain
Verilog 2001                       : YES

---- Other Options
Clock Enable                       : YES
wysiwyg                            : NO

=========================================================================


=========================================================================
*                          HDL Compilation                              *
=========================================================================
Compiling verilog file "../../../../../School/Summer 2012/N64/wired_remote/N64_wired/clock_divider.v" in library work
Module <ClockDivider> compiled
Compiling verilog file "ReceiverChannel.v" in library work
Module <ClockDividerStage> compiled
Compiling verilog file "Reciever.v" in library work
Module <ReceiverChannel> compiled
Compiling verilog file "DRP001.v" in library work
Module <Receiver> compiled
Module <DRP001> compiled
No errors in compilation
Analysis of file <"DRP001.prj"> succeeded.
 

=========================================================================
*                     Design Hierarchy Analysis                         *
=========================================================================
Analyzing hierarchy for module <DRP001> in library <work>.

Analyzing hierarchy for module <Receiver> in library <work> with parameters.
	CH1_SELECT = "00000000000000000000000000000000"
	CH2_SELECT = "00000000000000000000000000000001"
	CH3_SELECT = "00000000000000000000000000000010"
	CH4_SELECT = "00000000000000000000000000000011"

Analyzing hierarchy for module <ClockDivider> in library <work>.

Analyzing hierarchy for module <ReceiverChannel> in library <work> with parameters.
	COUNTING = "00000000000000000000000000000001"
	DATA_RDY = "00000000000000000000000000000011"
	IDLE = "00000000000000000000000000000000"
	LATCH = "00000000000000000000000000000010"

Analyzing hierarchy for module <ClockDividerStage> in library <work>.


=========================================================================
*                            HDL Analysis                               *
=========================================================================
Analyzing top module <DRP001>.
Module <DRP001> is correct for synthesis.
 
Analyzing module <Receiver> in library <work>.
	CH1_SELECT = 32'sb00000000000000000000000000000000
	CH2_SELECT = 32'sb00000000000000000000000000000001
	CH3_SELECT = 32'sb00000000000000000000000000000010
	CH4_SELECT = 32'sb00000000000000000000000000000011
Module <Receiver> is correct for synthesis.
 
Analyzing module <ClockDivider> in library <work>.
Module <ClockDivider> is correct for synthesis.
 
Analyzing module <ClockDividerStage> in library <work>.
Module <ClockDividerStage> is correct for synthesis.
 
Analyzing module <ReceiverChannel> in library <work>.
	COUNTING = 32'sb00000000000000000000000000000001
	DATA_RDY = 32'sb00000000000000000000000000000011
	IDLE = 32'sb00000000000000000000000000000000
	LATCH = 32'sb00000000000000000000000000000010
Module <ReceiverChannel> is correct for synthesis.
 

=========================================================================
*                           HDL Synthesis                               *
=========================================================================

Performing bidirectional port resolution...

Synthesizing Unit <ReceiverChannel>.
    Related source file is "ReceiverChannel.v".
    Found 11-bit register for signal <count>.
    Found 11-bit up counter for signal <count_buffer>.
    Found 1-bit register for signal <ready>.
    Found 2-bit register for signal <state>.
    Summary:
	inferred   1 Counter(s).
Unit <ReceiverChannel> synthesized.


Synthesizing Unit <ClockDividerStage>.
    Related source file is "../../../../../School/Summer 2012/N64/wired_remote/N64_wired/clock_divider.v".
    Found 1-bit register for signal <clk_out>.
    Summary:
	inferred   1 D-type flip-flop(s).
Unit <ClockDividerStage> synthesized.


Synthesizing Unit <ClockDivider>.
    Related source file is "../../../../../School/Summer 2012/N64/wired_remote/N64_wired/clock_divider.v".
Unit <ClockDivider> synthesized.


Synthesizing Unit <Receiver>.
    Related source file is "Reciever.v".
    Found 4-bit register for signal <ready>.
    Summary:
	inferred   4 D-type flip-flop(s).
Unit <Receiver> synthesized.


Synthesizing Unit <DRP001>.
    Related source file is "DRP001.v".
WARNING:Xst:646 - Signal <data> is assigned but never used. This unconnected signal will be trimmed during the optimization process.
WARNING:Xst:653 - Signal <ctrl_select> is used but never assigned. This sourceless signal will be automatically connected to value 0.
Unit <DRP001> synthesized.


=========================================================================
HDL Synthesis Report

Macro Statistics
# Counters                                             : 4
 11-bit up counter                                     : 4
# Registers                                            : 20
 1-bit register                                        : 12
 11-bit register                                       : 4
 2-bit register                                        : 4

=========================================================================

=========================================================================
*                       Advanced HDL Synthesis                          *
=========================================================================


=========================================================================
Advanced HDL Synthesis Report

Macro Statistics
# Counters                                             : 4
 11-bit up counter                                     : 4
# Registers                                            : 8
 Flip-Flops                                            : 8

=========================================================================

=========================================================================
*                         Low Level Synthesis                           *
=========================================================================

Optimizing unit <DRP001> ...

Optimizing unit <ClockDividerStage> ...

Optimizing unit <ClockDivider> ...

Optimizing unit <ReceiverChannel> ...

Optimizing unit <Receiver> ...
WARNING:Xst:2677 - Node <count_buffer_0> of sequential type is unconnected in block <ch4>.
WARNING:Xst:2677 - Node <count_buffer_1> of sequential type is unconnected in block <ch4>.
WARNING:Xst:2677 - Node <count_buffer_2> of sequential type is unconnected in block <ch4>.
WARNING:Xst:2677 - Node <count_buffer_3> of sequential type is unconnected in block <ch4>.
WARNING:Xst:2677 - Node <count_buffer_4> of sequential type is unconnected in block <ch4>.
WARNING:Xst:2677 - Node <count_buffer_5> of sequential type is unconnected in block <ch4>.
WARNING:Xst:2677 - Node <count_buffer_6> of sequential type is unconnected in block <ch4>.
WARNING:Xst:2677 - Node <count_buffer_7> of sequential type is unconnected in block <ch4>.
WARNING:Xst:2677 - Node <count_buffer_8> of sequential type is unconnected in block <ch4>.
WARNING:Xst:2677 - Node <count_buffer_9> of sequential type is unconnected in block <ch4>.
WARNING:Xst:2677 - Node <count_buffer_10> of sequential type is unconnected in block <ch4>.
WARNING:Xst:2677 - Node <count_10> of sequential type is unconnected in block <ch4>.
WARNING:Xst:2677 - Node <count_9> of sequential type is unconnected in block <ch4>.
WARNING:Xst:2677 - Node <count_8> of sequential type is unconnected in block <ch4>.
WARNING:Xst:2677 - Node <count_7> of sequential type is unconnected in block <ch4>.
WARNING:Xst:2677 - Node <count_6> of sequential type is unconnected in block <ch4>.
WARNING:Xst:2677 - Node <count_5> of sequential type is unconnected in block <ch4>.
WARNING:Xst:2677 - Node <count_4> of sequential type is unconnected in block <ch4>.
WARNING:Xst:2677 - Node <count_3> of sequential type is unconnected in block <ch4>.
WARNING:Xst:2677 - Node <count_2> of sequential type is unconnected in block <ch4>.
WARNING:Xst:2677 - Node <count_1> of sequential type is unconnected in block <ch4>.
WARNING:Xst:2677 - Node <count_0> of sequential type is unconnected in block <ch4>.
WARNING:Xst:2677 - Node <count_buffer_0> of sequential type is unconnected in block <ch3>.
WARNING:Xst:2677 - Node <count_buffer_1> of sequential type is unconnected in block <ch3>.
WARNING:Xst:2677 - Node <count_buffer_2> of sequential type is unconnected in block <ch3>.
WARNING:Xst:2677 - Node <count_buffer_3> of sequential type is unconnected in block <ch3>.
WARNING:Xst:2677 - Node <count_buffer_4> of sequential type is unconnected in block <ch3>.
WARNING:Xst:2677 - Node <count_buffer_5> of sequential type is unconnected in block <ch3>.
WARNING:Xst:2677 - Node <count_buffer_6> of sequential type is unconnected in block <ch3>.
WARNING:Xst:2677 - Node <count_buffer_7> of sequential type is unconnected in block <ch3>.
WARNING:Xst:2677 - Node <count_buffer_8> of sequential type is unconnected in block <ch3>.
WARNING:Xst:2677 - Node <count_buffer_9> of sequential type is unconnected in block <ch3>.
WARNING:Xst:2677 - Node <count_buffer_10> of sequential type is unconnected in block <ch3>.
WARNING:Xst:2677 - Node <count_10> of sequential type is unconnected in block <ch3>.
WARNING:Xst:2677 - Node <count_9> of sequential type is unconnected in block <ch3>.
WARNING:Xst:2677 - Node <count_8> of sequential type is unconnected in block <ch3>.
WARNING:Xst:2677 - Node <count_7> of sequential type is unconnected in block <ch3>.
WARNING:Xst:2677 - Node <count_6> of sequential type is unconnected in block <ch3>.
WARNING:Xst:2677 - Node <count_5> of sequential type is unconnected in block <ch3>.
WARNING:Xst:2677 - Node <count_4> of sequential type is unconnected in block <ch3>.
WARNING:Xst:2677 - Node <count_3> of sequential type is unconnected in block <ch3>.
WARNING:Xst:2677 - Node <count_2> of sequential type is unconnected in block <ch3>.
WARNING:Xst:2677 - Node <count_1> of sequential type is unconnected in block <ch3>.
WARNING:Xst:2677 - Node <count_0> of sequential type is unconnected in block <ch3>.
WARNING:Xst:2677 - Node <count_buffer_0> of sequential type is unconnected in block <ch2>.
WARNING:Xst:2677 - Node <count_buffer_1> of sequential type is unconnected in block <ch2>.
WARNING:Xst:2677 - Node <count_buffer_2> of sequential type is unconnected in block <ch2>.
WARNING:Xst:2677 - Node <count_buffer_3> of sequential type is unconnected in block <ch2>.
WARNING:Xst:2677 - Node <count_buffer_4> of sequential type is unconnected in block <ch2>.
WARNING:Xst:2677 - Node <count_buffer_5> of sequential type is unconnected in block <ch2>.
WARNING:Xst:2677 - Node <count_buffer_6> of sequential type is unconnected in block <ch2>.
WARNING:Xst:2677 - Node <count_buffer_7> of sequential type is unconnected in block <ch2>.
WARNING:Xst:2677 - Node <count_buffer_8> of sequential type is unconnected in block <ch2>.
WARNING:Xst:2677 - Node <count_buffer_9> of sequential type is unconnected in block <ch2>.
WARNING:Xst:2677 - Node <count_buffer_10> of sequential type is unconnected in block <ch2>.
WARNING:Xst:2677 - Node <count_10> of sequential type is unconnected in block <ch2>.
WARNING:Xst:2677 - Node <count_9> of sequential type is unconnected in block <ch2>.
WARNING:Xst:2677 - Node <count_8> of sequential type is unconnected in block <ch2>.
WARNING:Xst:2677 - Node <count_7> of sequential type is unconnected in block <ch2>.
WARNING:Xst:2677 - Node <count_6> of sequential type is unconnected in block <ch2>.
WARNING:Xst:2677 - Node <count_5> of sequential type is unconnected in block <ch2>.
WARNING:Xst:2677 - Node <count_4> of sequential type is unconnected in block <ch2>.
WARNING:Xst:2677 - Node <count_3> of sequential type is unconnected in block <ch2>.
WARNING:Xst:2677 - Node <count_2> of sequential type is unconnected in block <ch2>.
WARNING:Xst:2677 - Node <count_1> of sequential type is unconnected in block <ch2>.
WARNING:Xst:2677 - Node <count_0> of sequential type is unconnected in block <ch2>.
WARNING:Xst:2677 - Node <count_buffer_0> of sequential type is unconnected in block <ch1>.
WARNING:Xst:2677 - Node <count_buffer_1> of sequential type is unconnected in block <ch1>.
WARNING:Xst:2677 - Node <count_buffer_2> of sequential type is unconnected in block <ch1>.
WARNING:Xst:2677 - Node <count_buffer_3> of sequential type is unconnected in block <ch1>.
WARNING:Xst:2677 - Node <count_buffer_4> of sequential type is unconnected in block <ch1>.
WARNING:Xst:2677 - Node <count_buffer_5> of sequential type is unconnected in block <ch1>.
WARNING:Xst:2677 - Node <count_buffer_6> of sequential type is unconnected in block <ch1>.
WARNING:Xst:2677 - Node <count_buffer_7> of sequential type is unconnected in block <ch1>.
WARNING:Xst:2677 - Node <count_buffer_8> of sequential type is unconnected in block <ch1>.
WARNING:Xst:2677 - Node <count_buffer_9> of sequential type is unconnected in block <ch1>.
WARNING:Xst:2677 - Node <count_buffer_10> of sequential type is unconnected in block <ch1>.
WARNING:Xst:2677 - Node <count_10> of sequential type is unconnected in block <ch1>.
WARNING:Xst:2677 - Node <count_9> of sequential type is unconnected in block <ch1>.
WARNING:Xst:2677 - Node <count_8> of sequential type is unconnected in block <ch1>.
WARNING:Xst:2677 - Node <count_7> of sequential type is unconnected in block <ch1>.
WARNING:Xst:2677 - Node <count_6> of sequential type is unconnected in block <ch1>.
WARNING:Xst:2677 - Node <count_5> of sequential type is unconnected in block <ch1>.
WARNING:Xst:2677 - Node <count_4> of sequential type is unconnected in block <ch1>.
WARNING:Xst:2677 - Node <count_3> of sequential type is unconnected in block <ch1>.
WARNING:Xst:2677 - Node <count_2> of sequential type is unconnected in block <ch1>.
WARNING:Xst:2677 - Node <count_1> of sequential type is unconnected in block <ch1>.
WARNING:Xst:2677 - Node <count_0> of sequential type is unconnected in block <ch1>.

=========================================================================
*                           Partition Report                            *
=========================================================================

Partition Implementation Status
-------------------------------

  No Partitions were found in this design.

-------------------------------

=========================================================================
*                            Final Report                               *
=========================================================================
Final Results
RTL Top Level Output File Name     : DRP001.ngr
Top Level Output File Name         : DRP001
Output Format                      : NGC
Optimization Goal                  : Speed
Keep Hierarchy                     : Yes
Target Technology                  : XC9500XL CPLDs
Macro Preserve                     : YES
XOR Preserve                       : YES
Clock Enable                       : YES
wysiwyg                            : NO

Design Statistics
# IOs                              : 7

Cell Usage :
# BELS                             : 67
#      AND2                        : 12
#      AND3                        : 8
#      AND4                        : 1
#      INV                         : 37
#      OR2                         : 8
#      VCC                         : 1
# FlipFlops/Latches                : 20
#      FD                          : 4
#      FDC                         : 12
#      FDCE                        : 4
# IO Buffers                       : 7
#      IBUF                        : 6
#      OBUF                        : 1
=========================================================================


Total REAL time to Xst completion: 4.00 secs
Total CPU time to Xst completion: 4.02 secs
 
--> 

Total memory usage is 241988 kilobytes

Number of errors   :    0 (   0 filtered)
Number of warnings :   96 (   0 filtered)
Number of infos    :    0 (   0 filtered)

